<?xml version="1.0" encoding="UTF-8"?>
<!-- Generated by org.testng.reporters.JUnitReportReporter -->
<testsuite skipped="0" hostname="CPX-O7VYKWSW07L" name="testmeapp.test.OnlineShoppingTest" tests="4" failures="0" timestamp="2019-09-24T13:55:19 IST" time="17.560" errors="0">
  <testcase name="testRegistration" time="7.893" classname="testmeapp.test.OnlineShoppingTest"/>
  <testcase name="testLogin" time="1.119" classname="testmeapp.test.OnlineShoppingTest"/>
  <testcase name="textcart" time="3.071" classname="testmeapp.test.OnlineShoppingTest"/>
  <testcase name="testPayment" time="5.477" classname="testmeapp.test.OnlineShoppingTest"/>
</testsuite> <!-- testmeapp.test.OnlineShoppingTest -->
